<?xml version="1.0" encoding="UTF-8"?>
<!-- Generated by org.testng.reporters.JUnitReportReporter -->
<testsuite hostname="Pankaj-PC" failures="0" tests="1" name="com.vtiger.script.contact.DeleteAllContactWithFooterTest" time="17.904" errors="0" timestamp="2020-01-05T00:41:59 IST" skipped="0">
  <testcase classname="com.vtiger.script.contact.DeleteAllContactWithFooterTest" name="deleteAllContactWithFooterTest" time="17.904"/>
</testsuite> <!-- com.vtiger.script.contact.DeleteAllContactWithFooterTest -->
